<?xml version="1.0" encoding="UTF-8"?>
<!-- Generated by org.testng.reporters.JUnitReportReporter -->
<testsuite hostname="DESKTOP-PASV2PC" failures="0" tests="1" name="cucumberOptions.TestRunner" time="49.513" errors="0" timestamp="2022-04-20T10:59:27 EET" skipped="0">
  <testcase classname="cucumberOptions.TestRunner" name="runScenario" time="49.513"/>
  <system-out/>
</testsuite> <!-- cucumberOptions.TestRunner -->
