<?xml version="1.0" encoding="UTF-8"?>
<!-- Generated by org.testng.reporters.JUnitReportReporter -->
<testsuite hostname="DESKTOP-PASV2PC" failures="0" tests="1" name="cucumberOptions.RestAssuredRunner" time="13.449" errors="0" timestamp="2022-04-21T12:42:34 EET" skipped="0">
  <testcase classname="cucumberOptions.RestAssuredRunner" name="runScenario" time="13.449"/>
  <system-out/>
</testsuite> <!-- cucumberOptions.RestAssuredRunner -->
